5/12/2024 8:12:01 AM ## ----------nhanh log in ----------
5/12/2024 8:12:47 AM ## ----------nhanh log in ----------
5/12/2024 8:20:03 AM ## ----------nhanh log in ----------
5/12/2024 9:26:41 AM ## ----------nhanh log in ----------
5/12/2024 9:26:59 AM ## check new Bill, ID = 38, Total price = 50000
5/12/2024 9:51:49 AM ## ----------nhanh log in ----------
5/12/2024 9:54:55 AM ## ----------nhanh log in ----------
5/12/2024 9:55:02 AM ## check new Bill, ID = 36, Total price = 10000
5/12/2024 10:28:08 AM ## ----------nhanh log in ----------
5/12/2024 10:28:33 AM ## check new Bill, ID = 39, Total price = 25760
5/12/2024 10:32:55 AM ## ----------nhanh log in ----------
5/12/2024 10:33:09 AM ## check new Bill, ID = 27, Total price = 52200
5/12/2024 10:36:33 AM ## ----------nhanh log in ----------
5/12/2024 10:36:53 AM ## check new Bill, ID = 40, Total price = 58000
5/12/2024 10:56:22 AM ## ----------nhanh log in ----------
5/12/2024 10:56:45 AM ## check new Bill, ID = 41, Total price = 82800
5/12/2024 9:17:58 PM ## ----------nhanh log in ----------
5/12/2024 9:18:17 PM ## check new Bill, ID = 42, Total price = 16000
5/12/2024 10:02:55 PM ## ----------nhanh log in ----------
5/12/2024 10:03:08 PM ## check new Bill, ID = 43, Total price = 9000
5/12/2024 10:11:24 PM ## ----------nhanh log in ----------
5/12/2024 10:11:38 PM ## check new Bill, ID = 44, Total price = 10000
5/12/2024 10:12:36 PM ## ----------nhanh log in ----------
5/12/2024 10:12:47 PM ## check new Bill, ID = 45, Total price = 20000
5/12/2024 10:14:57 PM ## ----------nhanh log in ----------
5/12/2024 10:15:07 PM ## check new Bill, ID = 46, Total price = 20000
5/12/2024 10:16:03 PM ## ----------nhanh log in ----------
5/12/2024 10:16:12 PM ## check new Bill, ID = 47, Total price = 20000
5/12/2024 10:18:16 PM ## ----------nhanh log in ----------
5/12/2024 10:18:32 PM ## check new Bill, ID = 48, Total price = 20000
5/12/2024 10:18:53 PM ## check new Bill, ID = 49, Total price = 44000
5/12/2024 10:57:50 PM ## ----------nhanh log in ----------
5/12/2024 10:58:55 PM ## check new Bill, ID = 50, Total price = 91700
5/12/2024 11:08:22 PM ## ----------nhanh log in ----------
5/12/2024 11:09:12 PM ## check new Bill, ID = 51, Total price = 111000
5/12/2024 11:12:01 PM ## ----------nhanh log in ----------
5/12/2024 11:12:40 PM ## check new Bill, ID = 52, Total price = 49000
5/12/2024 11:15:02 PM ## delete Bill, ID = 52
