5/6/2024 7:44:33 AM ## ----------nhanh log in ----------
5/6/2024 7:45:18 AM ## check new Bill, ID = 4, Total price = 0
5/6/2024 8:13:05 AM ## ----------nhanh log in ----------
5/6/2024 9:33:20 AM ## ----------nhanh log in ----------
5/6/2024 9:43:21 AM ## ----------nhanh log in ----------
5/6/2024 10:09:26 PM ## ----------nhanh log in ----------
5/6/2024 10:24:50 PM ## ----------admin log in ----------
5/6/2024 10:37:37 PM ## ----------admin log in ----------
5/6/2024 10:38:00 PM ## ----------nhanh log in ----------
5/6/2024 10:38:42 PM ## ----------nhanh log in ----------
5/6/2024 10:41:02 PM ## ----------nhanh log in ----------
5/6/2024 10:42:19 PM ## ----------nhanh log in ----------
5/6/2024 10:43:04 PM ## change Bàn 8 to Bàn 6
5/6/2024 10:43:19 PM ## check new Bill, ID = 17, Total price = 0
5/6/2024 10:43:24 PM ## check new Bill, ID = 16, Total price = 20000
5/6/2024 10:44:59 PM ## ----------nhanh log in ----------
5/6/2024 10:47:37 PM ## ----------nhanh log in ----------
5/6/2024 10:48:42 PM ## ----------nhanh log in ----------
5/6/2024 10:54:52 PM ## ----------nhanh log in ----------
5/6/2024 11:02:52 PM ## ----------admin log in ----------
5/6/2024 11:08:31 PM ## ----------nhanh log in ----------
5/6/2024 11:13:57 PM ## ----------nhanh log in ----------
5/6/2024 11:17:26 PM ## ----------nhanh log in ----------
