4/30/2024 12:02:43 PM ## ----------nhanh log in ----------
4/30/2024 12:03:36 PM ## add new Food: Ca phe muoi
4/30/2024 12:04:25 PM ## delete Food: Ca phe muoi
4/30/2024 12:16:36 PM ## ----------nhanh log in ----------
4/30/2024 12:17:14 PM ## add new Food: ca phe muoi
4/30/2024 12:17:15 PM ## add new Food: ca phe muoi
4/30/2024 12:17:16 PM ## add new Food: ca phe muoi
4/30/2024 12:17:17 PM ## add new Food: ca phe muoi
4/30/2024 12:17:17 PM ## add new Food: ca phe muoi
4/30/2024 12:17:17 PM ## add new Food: ca phe muoi
4/30/2024 12:17:18 PM ## add new Food: ca phe muoi
4/30/2024 12:17:18 PM ## add new Food: ca phe muoi
4/30/2024 12:17:18 PM ## add new Food: ca phe muoi
4/30/2024 12:17:19 PM ## add new Food: ca phe muoi
4/30/2024 12:17:19 PM ## add new Food: ca phe muoi
4/30/2024 12:17:19 PM ## add new Food: ca phe muoi
4/30/2024 12:17:38 PM ## delete Food: ca phe muoi
4/30/2024 12:17:45 PM ## delete Food: ca phe muoi
4/30/2024 12:17:50 PM ## delete Food: ca phe muoi
4/30/2024 12:17:55 PM ## delete Food: ca phe muoi
4/30/2024 12:17:59 PM ## delete Food: ca phe muoi
4/30/2024 12:18:04 PM ## delete Food: ca phe muoi
4/30/2024 12:18:08 PM ## delete Food: ca phe muoi
4/30/2024 12:18:12 PM ## delete Food: ca phe muoi
4/30/2024 12:18:16 PM ## delete Food: ca phe muoi
4/30/2024 12:18:21 PM ## delete Food: ca phe muoi
4/30/2024 12:18:42 PM ## delete Food: ca phe muoi
4/30/2024 12:21:00 PM ## ----------nhanh log in ----------
4/30/2024 12:21:03 PM ## ----------nhanh log in ----------
4/30/2024 12:21:44 PM ## add new Food: Cà phê muối
4/30/2024 12:22:01 PM ## delete Food: ca phe muoi
4/30/2024 12:22:10 PM ## add new Food: Cà phê muối
4/30/2024 12:22:21 PM ## delete Food: Cà phê muối
4/30/2024 12:30:40 PM ## ----------nhanh log in ----------
4/30/2024 12:32:57 PM ## ----------nhanh log in ----------
4/30/2024 12:33:23 PM ## update Food: Name: Cà phê đá -> Há cảo chiên gionf , Category ID: 1 -> 2, Price: 10000 -> 15000
4/30/2024 12:33:35 PM ## ----------nhanh log in ----------
4/30/2024 12:33:51 PM ## update Food: Name: Cà phê đá -> Há cảo chiên , Category ID: 1 -> 2, Price: 10000 -> 15000
4/30/2024 12:41:41 PM ## ----------nhanh log in ----------
4/30/2024 1:33:25 PM ## ----------nhanh log in ----------
4/30/2024 1:34:07 PM ## ----------nhanh log in ----------
4/30/2024 1:38:06 PM ## ----------nhanh log in ----------
4/30/2024 1:39:04 PM ## ----------nhanh log in ----------
4/30/2024 1:46:34 PM ## ----------nhanh log in ----------
4/30/2024 1:47:30 PM ## ----------nhanh log in ----------
4/30/2024 1:48:06 PM ## ----------nhanh log in ----------
4/30/2024 1:49:21 PM ## ----------nhanh log in ----------
