4/29/2024 9:43:10 AM ## ----------nhanh log in ----------
4/29/2024 9:43:14 AM ## update Food: Name: Cà phê đá -> Cà phê đá, Category ID: 1 -> 1, Price: 10000 -> 10000
4/29/2024 9:43:15 AM ## update Food: Name: Cà phê đá -> Cà phê đá, Category ID: 1 -> 1, Price: 10000 -> 10000
4/29/2024 9:43:20 AM ## update Food: Name: Cà phê đá -> Cà phê đá, Category ID: 1 -> 1, Price: 10000 -> 10000
4/29/2024 9:43:24 AM ## update Food: Name: Cà phê đá -> Cà phê đá, Category ID: 1 -> 1, Price: 10000 -> 10000
4/29/2024 9:44:02 AM ## change Bàn 9 to Bàn 8
4/29/2024 9:44:48 AM ## ----------nhanh log in ----------
4/29/2024 9:45:01 AM ## update Food: Name: Cà phê đá -> Cà phê đá, Category ID: 1 -> 1, Price: 10000 -> 10000
4/29/2024 9:45:02 AM ## update Food: Name: Cà phê đá -> Cà phê đá, Category ID: 1 -> 1, Price: 10000 -> 10000
4/29/2024 9:45:08 AM ## update Food: Name: Cà phê đá -> Cà phê đá, Category ID: 1 -> 1, Price: 10000 -> 10000
4/29/2024 9:45:10 AM ## update Food: Name: Cà phê đá -> Cà phê đá, Category ID: 1 -> 1, Price: 10000 -> 10000
4/29/2024 9:49:51 AM ## ----------nhanh log in ----------
4/29/2024 9:51:30 AM ## check new Bill, ID = 10, Total price = 40000
4/29/2024 10:09:55 AM ## ----------nhanh log in ----------
4/29/2024 10:10:05 AM ## update Food: Name: Cà phê đá -> Cà phê đá, Category ID: 1 -> 1, Price: 10000 -> 10000
4/29/2024 10:10:07 AM ## update Food: Name: Cà phê đá -> Cà phê đá, Category ID: 1 -> 1, Price: 10000 -> 10000
4/29/2024 10:10:12 AM ## update Food: Name: Cà phê đá -> Cà phê đá, Category ID: 1 -> 1, Price: 10000 -> 10000
4/29/2024 10:10:15 AM ## update Food: Name: Cà phê đá -> Cà phê đá, Category ID: 1 -> 1, Price: 10000 -> 10000
4/29/2024 10:11:07 AM ## ----------nhanh log in ----------
4/29/2024 10:11:12 AM ## update Food: Name: Cà phê đá -> Cà phê đá, Category ID: 1 -> 1, Price: 10000 -> 10000
4/29/2024 10:11:13 AM ## update Food: Name: Cà phê đá -> Cà phê đá, Category ID: 1 -> 1, Price: 10000 -> 10000
4/29/2024 10:11:24 AM ## update Food: Name: Cà phê đá -> Cà phê đá, Category ID: 1 -> 1, Price: 10000 -> 10000
4/29/2024 10:11:25 AM ## update Food: Name: Cà phê đá -> Cà phê đá, Category ID: 1 -> 1, Price: 10000 -> 10000
4/29/2024 10:12:16 AM ## ----------nhanh log in ----------
4/29/2024 10:15:09 AM ## ----------nhanh log in ----------
4/29/2024 10:19:57 AM ## ----------nhanh log in ----------
4/29/2024 10:43:03 AM ## ----------nhanh log in ----------
4/29/2024 3:40:12 PM ## ----------nhanh log in ----------
4/29/2024 3:55:05 PM ## ----------nhanh log in ----------
4/29/2024 4:01:35 PM ## ----------nhanh log in ----------
4/29/2024 4:01:51 PM ## delete Food: Xúc xích chiên
4/29/2024 4:01:58 PM ## ----------nhanh log in ----------
4/29/2024 4:13:32 PM ## ----------nhanh log in ----------
4/29/2024 4:24:20 PM ## ----------nhanh log in ----------
4/29/2024 4:42:27 PM ## ----------nhanh log in ----------
4/29/2024 4:43:15 PM ## delete Food: 7up
