6/13/2024 12:44:20 AM ## ----------admin log in ----------
6/13/2024 12:45:06 AM ## check new Bill, ID = 1083, Total price = 10000
6/13/2024 1:01:41 AM ## ----------admin log in ----------
6/13/2024 1:01:53 AM ## check new Bill, ID = 1087, Total price = 20000
6/13/2024 1:10:50 AM ## ----------admin log in ----------
6/13/2024 1:11:04 AM ## check new Bill, ID = 1088, Total price = 20000
6/13/2024 1:16:15 AM ## ----------admin log in ----------
6/13/2024 1:16:22 AM ## check new Bill, ID = 1089, Total price = 20000
6/13/2024 1:23:27 AM ## ----------admin log in ----------
6/13/2024 1:23:41 AM ## check new Bill, ID = 1090, Total price = 20000
6/13/2024 1:25:21 AM ## ----------admin log in ----------
6/13/2024 1:25:38 AM ## check new Bill, ID = 1091, Total price = 8000
6/13/2024 1:54:04 AM ## ----------admin log in ----------
6/13/2024 1:54:13 AM ## check new Bill, ID = 1092, Total price = 20000
6/13/2024 2:32:13 AM ## ----------admin log in ----------
6/13/2024 2:32:19 AM ## check new Bill, ID = 1093, Total price = 10000
6/13/2024 2:33:28 AM ## ----------admin log in ----------
6/13/2024 2:39:31 AM ## ----------admin log in ----------
6/13/2024 2:39:38 AM ## check new Bill, ID = 1094, Total price = 10000
6/13/2024 2:43:14 AM ## ----------admin log in ----------
6/13/2024 2:43:23 AM ## check new Bill, ID = 1095, Total price = 10000
6/13/2024 2:46:32 AM ## ----------admin log in ----------
6/13/2024 2:46:41 AM ## check new Bill, ID = 1096, Total price = 10000
6/13/2024 2:49:52 AM ## ----------admin log in ----------
6/13/2024 2:50:03 AM ## check new Bill, ID = 1097, Total price = 10000
6/13/2024 2:50:57 AM ## ----------admin log in ----------
6/13/2024 2:51:10 AM ## check new Bill, ID = 1098, Total price = 20000
6/13/2024 2:51:30 AM ## check new Bill, ID = 1099, Total price = 56000
6/13/2024 2:58:54 AM ## ----------admin log in ----------
6/13/2024 2:59:01 AM ## check new Bill, ID = 1100, Total price = 20000
6/13/2024 10:11:21 AM ## ----------admin log in ----------
6/13/2024 10:11:32 AM ## check new Bill, ID = 1101, Total price = 10000
6/13/2024 10:12:08 AM ## check new Bill, ID = 1102, Total price = 32000
6/13/2024 12:10:49 PM ## ----------admin log in ----------
6/13/2024 12:11:00 PM ## check new Bill, ID = 1103, Total price = 22000
6/13/2024 12:28:31 PM ## ----------admin log in ----------
6/13/2024 12:28:51 PM ## check new Bill, ID = 1104, Total price = 70200
6/13/2024 12:29:35 PM ## ----------admin log in ----------
6/13/2024 12:30:00 PM ## check new Bill, ID = 1105, Total price = 41400
6/13/2024 12:45:26 PM ## ----------admin log in ----------
6/13/2024 12:45:42 PM ## check new Bill, ID = 1106, Total price = 18000
6/13/2024 12:51:26 PM ## ----------admin log in ----------
6/13/2024 12:51:50 PM ## check new Bill, ID = 1107, Total price = 100800
6/13/2024 1:02:25 PM ## ----------admin log in ----------
6/13/2024 1:03:12 PM ## check new Bill, ID = 1108, Total price = 83200
6/13/2024 1:07:41 PM ## ----------admin log in ----------
6/13/2024 1:08:09 PM ## check new Bill, ID = 1109, Total price = 109600
6/13/2024 1:13:18 PM ## ----------admin log in ----------
6/13/2024 1:13:29 PM ## check new Bill, ID = 1110, Total price = 10000
6/13/2024 1:29:16 PM ## ----------admin log in ----------
6/13/2024 1:29:23 PM ## check new Bill, ID = 1111, Total price = 10000
6/13/2024 1:36:43 PM ## ----------admin log in ----------
6/13/2024 1:40:19 PM ## ----------admin log in ----------
6/13/2024 1:40:37 PM ## delete Table, ID = 126
6/13/2024 1:40:42 PM ## delete Table, ID = 125
6/13/2024 1:40:48 PM ## delete Table, ID = 97
6/13/2024 1:40:52 PM ## delete Table, ID = 123
6/13/2024 1:40:56 PM ## delete Table, ID = 122
6/13/2024 1:41:01 PM ## delete Table, ID = 121
6/13/2024 1:41:04 PM ## delete Table, ID = 124
6/13/2024 1:42:52 PM ## ----------admin log in ----------
6/13/2024 1:46:38 PM ## ----------admin log in ----------
6/13/2024 1:53:10 PM ## ----------admin log in ----------
6/13/2024 1:53:20 PM ## delete Table, ID = 98
6/13/2024 1:53:25 PM ## delete Table, ID = 99
6/13/2024 1:53:30 PM ## delete Table, ID = 100
6/13/2024 1:53:37 PM ## delete Table, ID = 101
6/13/2024 1:53:42 PM ## delete Table, ID = 102
6/13/2024 1:53:46 PM ## delete Table, ID = 103
6/13/2024 1:53:50 PM ## delete Table, ID = 104
6/13/2024 1:53:54 PM ## delete Table, ID = 105
6/13/2024 1:54:01 PM ## delete Table, ID = 106
6/13/2024 1:54:05 PM ## delete Table, ID = 107
6/13/2024 1:54:09 PM ## delete Table, ID = 108
6/13/2024 1:54:13 PM ## delete Table, ID = 109
6/13/2024 1:54:17 PM ## delete Table, ID = 110
6/13/2024 1:54:20 PM ## delete Table, ID = 111
6/13/2024 1:54:25 PM ## delete Table, ID = 112
6/13/2024 1:54:29 PM ## delete Table, ID = 113
6/13/2024 1:54:34 PM ## delete Table, ID = 114
6/13/2024 1:54:37 PM ## delete Table, ID = 115
6/13/2024 1:54:41 PM ## delete Table, ID = 116
6/13/2024 1:54:45 PM ## delete Table, ID = 117
6/13/2024 1:54:50 PM ## delete Table, ID = 118
6/13/2024 1:54:54 PM ## delete Table, ID = 119
6/13/2024 1:54:59 PM ## delete Table, ID = 120
6/13/2024 1:55:20 PM ## Chuyển Bàn 24 sang Bàn 4
6/13/2024 1:55:22 PM ## check new Bill, ID = 1112, Total price = 76000
6/13/2024 1:56:25 PM ## ----------admin log in ----------
6/13/2024 1:56:34 PM ## check new Bill, ID = 1113, Total price = 20000
6/13/2024 9:42:03 PM ## ----------admin log in ----------
6/13/2024 9:42:30 PM ## check new Bill, ID = 1114, Total price = 77400
6/13/2024 9:48:56 PM ## delete Account: phuong3
6/13/2024 9:48:59 PM ## delete Account: phuong2
6/13/2024 9:49:02 PM ## delete Account: phuong
6/13/2024 10:09:30 PM ## ----------admin log in ----------
6/13/2024 10:09:53 PM ## check new Bill, ID = 1115, Total price = 97200
