5/9/2024 8:42:55 AM ## ----------nhanh log in ----------
5/9/2024 9:00:08 AM ## ----------nhanh log in ----------
5/9/2024 9:03:34 AM ## ----------nhanh log in ----------
5/9/2024 9:55:07 AM ## ----------nhanh log in ----------
5/9/2024 9:56:05 AM ## ----------nhanh log in ----------
5/9/2024 10:03:28 AM ## ----------nhanh log in ----------
5/9/2024 10:14:59 AM ## ----------nhanh log in ----------
5/9/2024 10:20:47 AM ## ----------nhanh log in ----------
5/9/2024 10:24:22 AM ## ----------nhanh log in ----------
5/9/2024 10:25:45 AM ## ----------nhanh log in ----------
5/9/2024 10:29:54 AM ## ----------nhanh log in ----------
5/9/2024 12:17:42 PM ## ----------nhanh log in ----------
5/9/2024 12:18:51 PM ## update Food: Name: Cà phê đá -> Mirinda cam, Category ID: 1 -> 3, Price: 10000 -> 16000
5/9/2024 12:22:34 PM ## ----------nhanh log in ----------
5/9/2024 12:26:50 PM ## ----------nhanh log in ----------
5/9/2024 12:27:43 PM ## ----------nhanh log in ----------
5/9/2024 12:31:03 PM ## ----------nhanh log in ----------
5/9/2024 12:34:57 PM ## ----------nhanh log in ----------
5/9/2024 12:35:44 PM ## ----------nhanh log in ----------
5/9/2024 12:39:12 PM ## ----------nhanh log in ----------
5/9/2024 12:40:20 PM ## ----------nhanh log in ----------
5/9/2024 12:43:31 PM ## ----------nhanh log in ----------
5/9/2024 12:43:50 PM ## ----------nhanh log in ----------
5/9/2024 12:45:12 PM ## ----------nhanh log in ----------
5/9/2024 12:48:50 PM ## ----------nhanh log in ----------
5/9/2024 10:30:11 PM ## change Bàn 4 to Bàn 10
5/9/2024 10:31:18 PM ## change Bàn 10 to Bàn 1
5/9/2024 10:41:06 PM ## change Bàn 2 to Bàn 3
5/9/2024 10:42:33 PM ## change Bàn 2 to Bàn 3
5/9/2024 10:46:13 PM ## change Bàn 2 to Bàn 8
5/9/2024 10:52:34 PM ## Chuyển Bàn 7 sang Bàn 10
5/9/2024 11:38:43 PM ## change Bàn 2 to Bàn 16
5/9/2024 11:40:36 PM ## Chuyển Bàn 4 sang Bàn 16
5/9/2024 11:48:13 PM ## change Bàn 12 to Bàn 14
