5/11/2024 12:59:00 AM ## ----------nhanh log in ----------
5/11/2024 1:24:17 AM ## ----------nhanh log in ----------
5/11/2024 1:25:13 AM ## ----------nhanh log in ----------
5/11/2024 1:26:15 AM ## ----------nhanh log in ----------
5/11/2024 1:28:14 AM ## ----------nhanh log in ----------
5/11/2024 1:28:50 AM ## ----------nhanh log in ----------
5/11/2024 1:29:19 AM ## check new Bill, ID = 29, Total price = 50000
5/11/2024 1:32:50 AM ## ----------nhanh log in ----------
5/11/2024 1:33:11 AM ## check new Bill, ID = 9, Total price = 20000
5/11/2024 1:52:05 AM ## ----------nhanh log in ----------
5/11/2024 2:42:34 AM ## ----------nhanh log in ----------
5/11/2024 2:43:49 AM ## ----------nhanh log in ----------
5/11/2024 2:45:19 AM ## check new Bill, ID = 30, Total price = 10000
5/11/2024 2:49:18 AM ## ----------nhanh log in ----------
5/11/2024 2:51:33 AM ## check new Bill, ID = 12, Total price = 20000
5/11/2024 3:16:36 AM ## ----------nhanh log in ----------
5/11/2024 3:36:55 AM ## ----------nhanh log in ----------
5/11/2024 3:37:30 AM ## check new Bill, ID = 31, Total price = 16000
5/11/2024 4:12:13 AM ## ----------nhanh log in ----------
5/11/2024 4:14:14 AM ## ----------nhanh log in ----------
5/11/2024 4:18:04 AM ## ----------nhanh log in ----------
5/11/2024 4:18:27 AM ## ----------nhanh log in ----------
5/11/2024 7:26:24 AM ## ----------nhanh log in ----------
5/11/2024 7:32:43 AM ## ----------nhanh log in ----------
5/11/2024 7:33:46 AM ## ----------nhanh log in ----------
5/11/2024 7:37:39 AM ## check new Bill, ID = 32, Total price = 79200
5/11/2024 7:42:28 AM ## update Food: Name: Cà phê đá -> Bò viên chiên, Category ID: 1 -> 2, Price: 10000 -> 15000
5/11/2024 7:43:57 AM ## update Food: Name: Cà phê đá -> 7up, Category ID: 1 -> 3, Price: 10000 -> 10000
5/11/2024 7:44:34 AM ## add new Food: Trà đào 
5/11/2024 7:45:28 AM ## add new Food: Trà đào 
5/11/2024 6:14:10 PM ## ----------nhanh log in ----------
5/11/2024 6:14:36 PM ## check new Bill, ID = 33, Total price = 46000
5/11/2024 6:15:22 PM ## add new Table, ID = 95
5/11/2024 6:18:20 PM ## ----------nhanh log in ----------
5/11/2024 6:18:54 PM ## check new Bill, ID = 34, Total price = 88000
5/11/2024 6:21:02 PM ## check new Bill, ID = 35, Total price = 86240
5/11/2024 6:27:09 PM ## ----------nhanh log in ----------
5/11/2024 6:27:21 PM ## check new Bill, ID = 26, Total price = 36000
