4/28/2024 12:07:41 AM ## ----------nhanh log in ----------
4/28/2024 12:08:14 AM ## ----------nhanh log in ----------
4/28/2024 12:08:52 AM ## ----------nhanh log in ----------
4/28/2024 12:12:08 AM ## ----------nhanh log in ----------
4/28/2024 12:12:13 AM ## ----------nhanh log in ----------
4/28/2024 12:15:12 AM ## ----------nhanh log in ----------
4/28/2024 12:15:40 AM ## ----------nhanh log in ----------
4/28/2024 12:19:27 AM ## ----------nhanh log in ----------
4/28/2024 12:25:52 AM ## ----------nhanh log in ----------
4/28/2024 12:33:12 AM ## ----------nhanh log in ----------
4/28/2024 12:59:02 AM ## ----------nhanh log in ----------
4/28/2024 1:01:37 AM ## ----------nhanh log in ----------
4/28/2024 1:02:39 AM ## ----------nhanh log in ----------
4/28/2024 1:09:36 AM ## ----------nhanh log in ----------
4/28/2024 1:17:32 AM ## ----------nhanh log in ----------
4/28/2024 1:19:58 AM ## ----------nhanh log in ----------
4/28/2024 1:21:14 AM ## change Bàn 3 to Bàn 9
4/28/2024 1:21:23 AM ## change Bàn 8 to Bàn 3
4/28/2024 1:28:09 AM ## ----------nhanh log in ----------
4/28/2024 1:30:34 AM ## ----------nhanh log in ----------
4/28/2024 1:31:17 AM ## check new Bill, ID = 1, Total price = 88000
4/28/2024 1:36:43 AM ## ----------nhanh log in ----------
4/28/2024 1:42:25 AM ## ----------nhanh log in ----------
4/28/2024 1:46:48 AM ## ----------nhanh log in ----------
4/28/2024 1:47:46 AM ## ----------nhanh log in ----------
4/28/2024 8:05:21 AM ## ----------nhanh log in ----------
4/28/2024 8:05:53 AM ## check new Bill, ID = 5, Total price = 0
4/28/2024 8:05:57 AM ## check new Bill, ID = 3, Total price = 50000
4/28/2024 8:06:01 AM ## check new Bill, ID = 7, Total price = 0
4/28/2024 8:06:16 AM ## change Bàn 1 to Bàn 10
4/28/2024 8:37:21 AM ## ----------nhanh log in ----------
4/28/2024 8:45:40 AM ## ----------nhanh log in ----------
4/28/2024 8:46:01 AM ## ----------nhanh log in ----------
4/28/2024 8:48:59 AM ## ----------nhanh log in ----------
4/28/2024 8:49:27 AM ## change account's information
4/28/2024 8:49:38 AM ## ----------nhanh log in ----------
4/28/2024 8:50:42 AM ## ----------nhanh log in ----------
4/28/2024 8:53:30 AM ## ----------nhanh log in ----------
4/28/2024 9:53:42 AM ## ----------nhanh log in ----------
4/28/2024 9:54:07 AM ## ----------nhanh log in ----------
4/28/2024 9:55:49 AM ## ----------nhanh log in ----------
4/28/2024 2:51:02 PM ## ----------nhanh log in ----------
4/28/2024 3:46:02 PM ## ----------nhanh log in ----------
4/28/2024 4:01:10 PM ## ----------nhanh log in ----------
4/28/2024 4:07:31 PM ## ----------nhanh log in ----------
4/28/2024 4:13:38 PM ## ----------nhanh log in ----------
4/28/2024 4:30:34 PM ## ----------nhanh log in ----------
4/28/2024 4:42:24 PM ## ----------nhanh log in ----------
4/28/2024 4:44:46 PM ## ----------nhanh log in ----------
4/28/2024 5:02:09 PM ## ----------nhanh log in ----------
4/28/2024 9:42:21 PM ## ----------nhanh log in ----------
4/28/2024 9:42:57 PM ## update Food: Name: Cà phê đá -> Cà phê đá, Category ID: 1 -> 1, Price: 10000 -> 10000
4/28/2024 9:43:07 PM ## update Food: Name: Cà phê đá -> Cà phê đá, Category ID: 1 -> 1, Price: 10000 -> 10000
4/28/2024 9:43:09 PM ## update Food: Name: Cà phê đá -> Cà phê đá, Category ID: 1 -> 1, Price: 10000 -> 10000
4/28/2024 10:37:11 PM ## ----------nhanh log in ----------
4/28/2024 10:47:45 PM ## ----------nhanh log in ----------
4/28/2024 10:47:52 PM ## update Food: Name: Cà phê đá -> Cà phê đá, Category ID: 1 -> 1, Price: 10000 -> 10000
4/28/2024 10:47:54 PM ## update Food: Name: Cà phê đá -> Cà phê đá, Category ID: 1 -> 1, Price: 10000 -> 10000
4/28/2024 10:47:58 PM ## update Food: Name: Cà phê đá -> Cà phê đá, Category ID: 1 -> 1, Price: 10000 -> 10000
