5/10/2024 12:33:43 AM ## ----------nhanh log in ----------
5/10/2024 12:35:55 AM ## change Bàn 8 to Bàn 10
5/10/2024 12:42:59 AM ## Chuyển Bàn 16 sang Bàn 14
5/10/2024 1:06:42 AM ## Chuyển Bàn 2 sang Bàn 18
5/10/2024 1:06:54 AM ## check new Bill, ID = 14, Total price = 52000
5/10/2024 1:07:03 AM ## check new Bill, ID = 19, Total price = 24000
5/10/2024 1:08:04 AM ## Chuyển Bàn 7 sang Bàn 12
5/10/2024 1:08:18 AM ## check new Bill, ID = 13, Total price = 0
5/10/2024 5:34:32 AM ## check new Bill, ID = 11, Total price = 12000
5/10/2024 5:35:25 AM ## check new Bill, ID = 24, Total price = 60000
5/10/2024 5:36:16 AM ## check new Bill, ID = 15, Total price = 20000
5/10/2024 8:33:48 PM ## ----------nhanh log in ----------
5/10/2024 8:34:28 PM ## Chuyển Bàn 18 sang Bàn 13
5/10/2024 8:34:36 PM ## check new Bill, ID = 2, Total price = 32000
5/10/2024 8:51:41 PM ## ----------nhanh log in ----------
5/10/2024 8:54:34 PM ## ----------nhanh log in ----------
5/10/2024 9:20:58 PM ## ----------nhanh log in ----------
5/10/2024 10:25:18 PM ## check new Bill, ID = 25, Total price = 44000
5/10/2024 10:41:57 PM ## check new Bill, ID = 28, Total price = 10000
5/10/2024 10:44:08 PM ## ----------nhanh log in ----------
5/10/2024 10:48:35 PM ## ----------nhanh log in ----------
5/10/2024 10:55:32 PM ## ----------nhanh log in ----------
5/10/2024 10:57:31 PM ## ----------nhanh log in ----------
5/10/2024 11:05:08 PM ## ----------nhanh log in ----------
5/10/2024 11:13:49 PM ## ----------nhanh log in ----------
5/10/2024 11:15:24 PM ## ----------nhanh log in ----------
5/10/2024 11:25:44 PM ## ----------nhanh log in ----------
5/10/2024 11:28:10 PM ## ----------nhanh log in ----------
5/10/2024 11:28:17 PM ## check new Bill, ID = 18, Total price = 20000
5/10/2024 11:34:55 PM ## ----------nhanh log in ----------
